<?xml version="1.0" encoding="utf-8"?><testsuites name="pytest tests"><testsuite name="aiohttp_test_suite" errors="0" failures="1" skipped="16" tests="1901" time="13.864" timestamp="2026-09-11T15:05:42.467420-04:00" hostname="seconcordia-Lambda-Vector"><testcase classname="tests.test_benchmarks_http_websocket" name="test_send_one_hundred_websocket_compressed_messages[zlib-pyloop]" time="0.103" /><testcase classname="tests.test_client_fingerprint" name="test_fingerprint_sha256" time="0.003" /><testcase classname="tests.test_circular_imports" name="test_no_warnings[aiohttp.test_utils]" time="0.321" /><testcase classname="tests.test_circular_imports" name="test_no_warnings[aiohttp._websocket.reader_c]" time="0.259" /><testcase classname="tests.test_client_exceptions.TestClientResponseError" name="test_default_status" time="0.004" /><testcase classname="tests.test_client_functional" name="test_empty_header_values[pyloop]" time="0.114" /><testcase classname="tests.test_benchmarks_client" name="test_get_request_with_251308_compressed_chunked_payload[zlib_ng.zlib_ng-pyloop]" time="0.462" /><testcase classname="tests.test_client_functional" name="test_broken_connection_2[pyloop]" time="0.114" /><testcase classname="tests.test_client_functional" name="test_POST_DATA_with_charset_post[pyloop]" time="0.120" /><testcase classname="tests.test_client_functional" name="test_invalid_redirect_url_multiple_redirects[pyloop-http://example.org:non_int_port/-http://example.org:non_int_port/-InvalidUrlRedirectClientError]" time="0.118" /><testcase classname="tests.test_client_functional" name="test_skip_auto_headers_user_agent[pyloop]" time="0.117" /><testcase classname="tests.test_client_functional" name="test_empty_response_non_chunked[pyloop]" time="0.112" /><testcase classname="tests.test_client_functional" name="test_read_after_catch_raise_for_status[pyloop]" time="0.120" /><testcase classname="tests.test_client_middleware" name="test_client_middleware_challenge_auth[pyloop]" time="0.113" /><testcase classname="tests.test_client_middleware_digest_auth" name="test_encode_digest_with_sess_algorithms[SHA-SESS]" time="0.098" /><testcase classname="tests.test_client_fingerprint" name="test_fingerprint_sha1" time="0.003" /><testcase classname="tests.test_client_functional" name="test_close_resp_on_error_async_with_session[pyloop]" time="0.116" /><testcase classname="tests.test_client_exceptions.TestClientResponseError" name="test_status" time="0.003" /><testcase classname="tests.test_client_functional" name="test_encoding_deflate_nochunk[isal.isal_zlib-pyloop]" time="0.116" /><testcase classname="tests.test_client_middleware_digest_auth" name="test_quote_escaping_functions[many&quot;quotes&quot;in&quot;string-many\\&quot;quotes\\&quot;in\\&quot;string-String with multiple quoted segments]" time="0.004" /><testcase classname="tests.test_client_request" name="test_host_header_ipv4_with_port[pyloop]" time="0.104" /><testcase classname="tests.test_client_middleware_digest_auth" name="test_digest_response_exact_match[body1-this is a body-SHA256-auth,auth-int]" time="0.105" /><testcase classname="tests.test_client_middleware_digest_auth" name="test_in_protection_space[no_match_app123]" time="0.005" /><testcase classname="tests.test_client_fingerprint" name="test_fingerprint_md5" time="0.003" /><testcase classname="tests.test_client_middleware_digest_auth" name="test_quote_escaping_functions[&quot;&quot;-\\&quot;\\&quot;-Just double quotes]" time="0.004" /><testcase classname="tests.test_client_middleware_digest_auth" name="test_digest_response_exact_match[--SHA-512-auth]" time="0.112" /><testcase classname="tests.test_client_request" name="test_get_content_length[pyloop]" time="0.107" /><testcase classname="tests.test_client_exceptions.TestClientResponseError" name="test_pickle" time="0.004" /><testcase classname="tests.test_client_exceptions.TestClientResponseError" name="test_repr" time="0.003" /><testcase classname="tests.test_client_exceptions.TestClientResponseError" name="test_str" time="0.003" /><testcase classname="tests.test_client_exceptions" name="test_response_status" time="0.003" /><testcase classname="tests.test_client_exceptions" name="test_response_deprecated_code_property" time="0.003" /><testcase classname="tests.test_client_exceptions" name="test_response_both_code_and_status" time="0.003" /><testcase classname="tests.test_client_exceptions.TestClientConnectorError" name="test_ctor" time="0.003" /><testcase classname="tests.test_client_fingerprint" name="test_fingerprint_check_no_ssl" time="0.003" /><testcase classname="tests.test_client_fingerprint" name="test__merge_ssl_params_verify_ssl" time="0.003" /><testcase classname="tests.test_client_fingerprint" name="test__merge_ssl_params_verify_ssl_conflict" time="0.004" /><testcase classname="tests.test_client_fingerprint" name="test__merge_ssl_params_ssl_context" time="0.004" /><testcase classname="tests.test_client_fingerprint" name="test__merge_ssl_params_ssl_context_conflict" time="0.005" /><testcase classname="tests.test_client_fingerprint" name="test__merge_ssl_params_fingerprint" time="0.003" /><testcase classname="tests.test_client_middleware_digest_auth" name="test_digest_response_exact_match[body1-this is a body-MD5-]" time="0.106" /><testcase classname="tests.test_client_proto" name="test_abort_without_transport[pyloop]" time="0.106" /><testcase classname="tests.test_client_request" name="test_content_length_for_methods[pyloop-PUT--0]" time="0.106" /><testcase classname="tests.test_client_exceptions.TestClientConnectorError" name="test_pickle" time="0.004" /><testcase classname="tests.test_client_fingerprint" name="test__merge_ssl_params_fingerprint_conflict" time="0.004" /><testcase classname="tests.test_client_request" name="test_data_stream[pyloop]" time="0.129" /><testcase classname="tests.test_client_request" name="test_content_type_skip_auto_header_form[pyloop]" time="0.135" /><testcase classname="tests.test_client_response" name="test_resp_host" time="0.008" /><testcase classname="tests.test_client_response" name="test_content_type" time="0.006" /><testcase classname="tests.test_client_response" name="test_content_type_no_header" time="0.005" /><testcase classname="tests.test_client_response" name="test_charset" time="0.005" /><testcase classname="tests.test_client_response" name="test_charset_no_header" time="0.004" /><testcase classname="tests.test_client_response" name="test_charset_no_charset" time="0.005" /><testcase classname="tests.test_client_middleware_digest_auth" name="test_in_protection_space[protection_with_slash_exact]" time="0.005" /><testcase classname="tests.test_client_middleware_digest_auth" name="test_in_protection_space[protection_with_slash_subpath]" time="0.004" /><testcase classname="tests.test_client_middleware_digest_auth" name="test_in_protection_space[protection_with_slash_no_match_without]" time="0.004" /><testcase classname="tests.test_client_middleware_digest_auth" name="test_in_protection_space[root_protection_exact]" time="0.004" /><testcase classname="tests.test_client_middleware_digest_auth" name="test_in_protection_space[root_protection_subpath]" time="0.004" /><testcase classname="tests.test_client_middleware_digest_auth" name="test_in_protection_space[root_protection_no_match_without_slash]" time="0.004" /><testcase classname="tests.test_client_middleware_digest_auth" name="test_in_protection_space[different_scheme]" time="0.006" /><testcase classname="tests.test_client_middleware_digest_auth" name="test_quote_escaping_functions[&quot;-\\&quot;-Single double quote]" time="0.003" /><testcase classname="tests.test_client_middleware_digest_auth" name="test_quote_escaping_functions[already\\&quot;escaped-already\\\\&quot;escaped-Already escaped quotes]" time="0.003" /><testcase classname="tests.test_client_middleware_digest_auth" name="test_middleware_retry_on_401[pyloop]" time="0.112" /><testcase classname="tests.test_client_response" name="test_content_disposition_full" time="0.005" /><testcase classname="tests.test_client_request" name="test_path_is_not_double_encoded3[pyloop]" time="0.109" /><testcase classname="tests.test_client_middleware_digest_auth" name="test_in_protection_space[different_host]" time="0.004" /><testcase classname="tests.test_client_middleware_digest_auth" name="test_in_protection_space[different_port]" time="0.004" /><testcase classname="tests.test_client_response" name="test_content_disposition_no_parameters" time="0.005" /><testcase classname="tests.test_client_response" name="test_content_disposition_empty_parts[attachment; filename=&quot;archive.tar.gz&quot;;]" time="0.005" /><testcase classname="tests.test_client_response" name="test_content_disposition_empty_parts[attachment;; filename=&quot;archive.tar.gz&quot;]" time="0.005" /><testcase classname="tests.test_client_response" name="test_content_disposition_no_header" time="0.004" /><testcase classname="tests.test_client_response" name="test_default_encoding_is_utf8" time="0.004" /><testcase classname="tests.test_client_middleware_digest_auth" name="test_in_protection_space_multiple_spaces" time="0.006" /><testcase classname="tests.test_client_middleware_digest_auth" name="test_case_sensitive_algorithm_server[pyloop]" time="0.118" /><testcase classname="tests.test_benchmarks_http_websocket" name="test_send_one_hundred_websocket_compressed_messages[zlib_ng.zlib_ng-pyloop]" time="0.109" /><testcase classname="tests.test_client_middleware_digest_auth" name="test_encode_digest_with_sess_algorithms[SHA-256-SESS]" time="0.094" /><testcase classname="tests.test_client_fingerprint" name="test__merge_ssl_params_ssl" time="0.004" /><testcase classname="tests.test_client_functional" name="test_set_eof_on_empty_response[pyloop]" time="0.110" /><testcase classname="tests.test_client_middleware_digest_auth" name="test_digest_response_exact_match[--SHA-512-auth-int]" time="0.107" /><testcase classname="tests.test_client_request" name="test_method1[pyloop]" time="0.106" /><testcase classname="tests.test_client_functional" name="test_invalid_redirect_url_multiple_redirects[pyloop-call:+380123456789-call:\\+380123456789-NonHttpUrlRedirectClientError]" time="0.112" /><testcase classname="tests.test_client_request" name="test_path_safe_chars_preserved[pyloop]" time="0.107" /><testcase classname="tests.test_client_functional" name="test_custom_headers[pyloop]" time="0.113" /><testcase classname="tests.test_client_functional" name="test_POST_MultiDict[pyloop]" time="0.115" /><testcase classname="tests.test_client_request" name="test_host_header_ipv6_with_port[pyloop]" time="0.106" /><testcase classname="tests.test_client_middleware" name="test_client_middleware_multi_step_auth[pyloop]" time="0.106" /><testcase classname="tests.test_client_response" name="test_response_request_info" time="0.004" /><testcase classname="tests.test_client_response" name="test_request_info_in_exception" time="0.004" /><testcase classname="tests.test_client_response" name="test_no_redirect_history_in_exception" time="0.004" /><testcase classname="tests.test_client_response" name="test_redirect_history_in_exception" time="0.006" /><testcase classname="tests.test_client_response" name="test_response_read_triggers_callback[pyloop]" time="0.114" /><testcase classname="tests.test_client_fingerprint" name="test__merge_ssl_params_invlid" time="0.003" /><testcase classname="tests.test_client_functional" name="test_keepalive_two_requests_success[pyloop]" time="0.119" /><testcase classname="tests.test_client_middleware_digest_auth" name="test_digest_response_exact_match[body1-this is a body-SHA256-]" time="0.140" /><testcase classname="tests.test_client_response" name="test_wait_for_100_2[pyloop]" time="0.112" /><testcase classname="tests.test_client_response" name="test_repr[pyloop]" time="0.101" /><testcase classname="tests.test_client_request" name="test_content_length_for_methods[pyloop-GET-test-4]" time="0.107" /><testcase classname="tests.test_client_functional" name="test_skip_default_auto_headers_user_agent[pyloop]" time="0.115" /><testcase classname="tests.test_client_middleware_digest_auth" name="test_digest_response_exact_match[body1-this is a body-MD5-SESS-auth]" time="0.107" /><testcase classname="tests.test_client_functional" name="test_read_after_raise_outside_context[pyloop]" time="0.117" /><testcase classname="tests.test_client_request" name="test_write_bytes_with_content_length_limit[pyloop]" time="0.131" /><testcase classname="tests.test_client_exceptions.TestClientConnectorError" name="test_repr" time="0.003" /><testcase classname="tests.test_client_exceptions.TestClientConnectorError" name="test_str" time="0.003" /><testcase classname="tests.test_client_exceptions.TestClientConnectorCertificateError" name="test_ctor" time="0.003" /><testcase classname="tests.test_client_exceptions.TestClientConnectorCertificateError" name="test_pickle" time="0.004" /><testcase classname="tests.test_client_exceptions.TestClientConnectorCertificateError" name="test_repr" time="0.003" /><testcase classname="tests.test_client_exceptions.TestClientConnectorCertificateError" name="test_str" time="0.003" /><testcase classname="tests.test_client_exceptions.TestServerDisconnectedError" name="test_ctor" time="0.003" /><testcase classname="tests.test_client_exceptions.TestServerDisconnectedError" name="test_pickle" time="0.003" /><testcase classname="tests.test_client_exceptions.TestServerDisconnectedError" name="test_repr" time="0.003" /><testcase classname="tests.test_client_exceptions.TestServerDisconnectedError" name="test_str" time="0.003" /><testcase classname="tests.test_client_exceptions.TestServerFingerprintMismatch" name="test_ctor" time="0.003" /><testcase classname="tests.test_client_exceptions.TestServerFingerprintMismatch" name="test_pickle" time="0.004" /><testcase classname="tests.test_client_exceptions.TestServerFingerprintMismatch" name="test_repr" time="0.003" /><testcase classname="tests.test_client_exceptions.TestInvalidURL" name="test_ctor" time="0.002" /><testcase classname="tests.test_client_exceptions.TestInvalidURL" name="test_pickle" time="0.002" /><testcase classname="tests.test_client_exceptions.TestInvalidURL" name="test_repr_no_description" time="0.002" /><testcase classname="tests.test_client_exceptions.TestInvalidURL" name="test_repr_yarl_URL" time="0.003" /><testcase classname="tests.test_client_exceptions.TestInvalidURL" name="test_repr_with_description" time="0.003" /><testcase classname="tests.test_client_exceptions.TestInvalidURL" name="test_str_no_description" time="0.003" /><testcase classname="tests.test_client_exceptions.TestInvalidURL" name="test_none_description" time="0.003" /><testcase classname="tests.test_client_exceptions.TestInvalidURL" name="test_str_with_description" time="0.003" /><testcase classname="tests.test_client_middleware_digest_auth" name="test_digest_auth_no_qop[pyloop]" time="0.112" /><testcase classname="tests.test_client_session" name="test_init_headers_list_of_tuples[pyloop]" time="0.129" /><testcase classname="tests.test_client_request" name="test_content_type_auto_header_content_length_no_skip[pyloop]" time="0.135" /><testcase classname="tests.test_client_functional" name="test_keepalive_after_head_requests_success[pyloop]" time="0.117" /><testcase classname="tests.test_client_request" name="test_data_stream_deprecated[pyloop]" time="0.130" /><testcase classname="tests.test_client_functional" name="test_release_resp_on_normal_exit_from_cm[pyloop]" time="0.113" /><testcase classname="tests.test_client_proto" name="test_force_close[pyloop]" time="0.103" /><testcase classname="tests.test_benchmarks_http_websocket" name="test_send_one_hundred_websocket_compressed_messages[isal.isal_zlib-pyloop]" time="0.115" /><testcase classname="tests.test_client_middleware_digest_auth" name="test_encode_digest_with_sess_algorithms[SHA-512-SESS]" time="0.108" /><testcase classname="tests.test_client_request" name="test_default_loop[pyloop]" time="0.110" /><testcase classname="tests.test_client_functional" name="test_204_with_gzipped_content_encoding[pyloop]" time="0.114" /><testcase classname="tests.test_client_functional" name="test_bytes_payload_redirect[pyloop]" time="0.114" /><testcase classname="tests.test_client_middleware_digest_auth" name="test_digest_response_exact_match[body1-this is a body-MD5-SESS-auth-int]" time="0.104" /><testcase classname="tests.test_client_middleware_digest_auth" name="test_digest_response_exact_match[--SHA-512-auth,auth-int]" time="0.110" /><testcase classname="tests.test_client_request" name="test_content_length_for_methods[pyloop-POST-test-4]" time="0.109" /><testcase classname="tests.test_client_request" name="test_params_are_added_before_fragment1[pyloop]" time="0.103" /><testcase classname="tests.test_client_functional" name="test_encoding_gzip[zlib-pyloop]" time="0.109" /><testcase classname="tests.test_client_functional" name="test_encoding_gzip[zlib_ng.zlib_ng-pyloop]" time="0.115" /><testcase classname="tests.test_client_middleware_digest_auth" name="test_digest_auth_without_opaque[pyloop]" time="0.114" /><testcase classname="tests.test_client_response" name="test_repr_non_ascii_url" time="0.004" /><testcase classname="tests.test_client_response" name="test_repr_non_ascii_reason" time="0.004" /><testcase classname="tests.test_client_response" name="test_url_obj_deprecated" time="0.005" /><testcase classname="tests.test_client_response" name="test_read_and_release_connection[pyloop]" time="0.104" /><testcase classname="tests.test_client_middleware" name="test_client_middleware_conditional_retry[pyloop]" time="0.103" /><testcase classname="tests.test_client_functional" name="test_skip_auto_headers_content_type[pyloop]" time="0.113" /><testcase classname="tests.test_client_functional" name="test_redirect_to_absolute_url[pyloop]" time="0.119" /><testcase classname="tests.test_client_request" name="test_method2[pyloop]" time="0.110" /><testcase classname="tests.test_circular_imports" name="test_no_warnings[aiohttp._websocket.reader_py]" time="0.256" /><testcase classname="tests.test_client_functional" name="test_read_from_closed_content[pyloop]" time="0.114" /><testcase classname="tests.test_client_request" name="test_data_file[pyloop]" time="0.141" /><testcase classname="tests.test_client_middleware_digest_auth" name="test_digest_response_exact_match[body1-this is a body-SHA256-SESS-auth]" time="0.113" /><testcase classname="tests.test_client_request" name="test_write_bytes_with_iterable_content_length_limit[pyloop-data0]" time="0.133" /><testcase classname="tests.test_client_functional" name="test_timeout_on_reading_headers[pyloop]" time="0.133" /><testcase classname="tests.test_client_functional" name="test_GET_DEFLATE[pyloop]" time="0.118" /><testcase classname="tests.test_client_functional" name="test_non_close_detached_session_on_error_cm[pyloop]" time="0.109" /><testcase classname="tests.test_client_functional" name="test_invalid_redirect_url_multiple_redirects[pyloop-skype:handle-skype:handle-NonHttpUrlRedirectClientError]" time="0.115" /><testcase classname="tests.test_client_proto" name="test_oserror[pyloop]" time="0.107" /><testcase classname="tests.test_client_middleware_digest_auth" name="test_digest_response_exact_match[body1-this is a body-MD5-SESS-auth,auth-int]" time="0.107" /><testcase classname="tests.test_client_request" name="test_params_are_added_before_fragment2[pyloop]" time="0.106" /><testcase classname="tests.test_client_middleware_digest_auth" name="test_encode_unsupported_algorithm" time="0.104" /><testcase classname="tests.test_client_functional" name="test_keepalive_after_empty_body_status[pyloop-101]" time="0.110" /><testcase classname="tests.test_client_request" name="test_host_header_fqdn[pyloop-dot only at the end]" time="0.101" /><testcase classname="tests.test_client_response" name="test_response_cookies[pyloop]" time="0.108" /><testcase classname="tests.test_client_request" name="test_urlencoded_formdata_charset[pyloop]" time="0.134" /><testcase classname="tests.test_client_functional" name="test_string_payload_redirect[pyloop]" time="0.111" /><testcase classname="tests.test_client_request" name="test_method3[pyloop]" time="0.102" /><testcase classname="tests.test_benchmarks_http_writer" name="test_serialize_headers" time="0.005" /><testcase classname="tests.test_benchmarks_web_fileresponse" name="test_simple_web_file_response[pyloop]" time="0.320" /><testcase classname="tests.test_client_middleware" name="test_build_client_middlewares_empty" time="0.106" /><testcase classname="tests.test_client_request" name="test_content_length_for_methods[pyloop-PUT-hello world-11]" time="0.101" /><testcase classname="tests.test_client_middleware_digest_auth" name="test_digest_response_exact_match[--SHA-512-]" time="0.104" /><testcase classname="tests.test_client_session" name="test_init_headers_MultiDict[pyloop]" time="0.106" /><testcase classname="tests.test_client_functional" name="test_encoding_gzip[isal.isal_zlib-pyloop]" time="0.116" /><testcase classname="tests.test_client_functional" name="test_redirect_without_location_header[pyloop]" time="0.108" /><testcase classname="tests.test_circular_imports" name="test_no_warnings[aiohttp.tracing]" time="0.262" /><testcase classname="tests.test_client_functional" name="test_close_detached_session_on_non_existing_addr[pyloop]" time="0.104" /><testcase classname="tests.test_client_functional" name="test_invalid_redirect_url_multiple_redirects[pyloop-slack://instance/room-slack://instance/room-NonHttpUrlRedirectClientError]" time="0.109" /><testcase classname="tests.test_client_functional" name="test_post_data_bytesio[pyloop]" time="0.110" /><testcase classname="tests.test_client_response" name="test_response_real_url[pyloop]" time="0.104" /><testcase classname="tests.test_client_functional" name="test_GET_DEFLATE_no_body[pyloop]" time="0.109" /><testcase classname="tests.test_client_response" name="test_read_and_release_connection_with_error[pyloop]" time="0.108" /><testcase classname="tests.test_client_middleware_digest_auth" name="test_digest_response_exact_match[body1-this is a body-SHA256-SESS-auth-int]" time="0.103" /><testcase classname="tests.test_client_middleware_digest_auth" name="test_auth_header_no_retry[pyloop-None]" time="0.108" /><testcase classname="tests.test_client_functional" name="test_read_timeout[pyloop]" time="0.200" /><testcase classname="tests.test_client_functional" name="test_timeout_on_conn_reading_headers[pyloop]" time="0.127" /><testcase classname="tests.test_client_session" name="test_init_headers_list_of_tuples_with_duplicates[pyloop]" time="0.107" /><testcase classname="tests.test_client_middleware_digest_auth" name="test_encode_algorithm_case_preservation_uppercase[MD5]" time="0.109" /><testcase classname="tests.test_client_request" name="test_write_bytes_with_iterable_content_length_limit[pyloop-Part1Part2Part3]" time="0.131" /><testcase classname="tests.test_client_proto" name="test_pause_resume_on_error[pyloop]" time="0.107" /><testcase classname="tests.test_client_functional" name="test_keepalive_after_empty_body_status[pyloop-204]" time="0.111" /><testcase classname="tests.test_client_request" name="test_host_header_fqdn[pyloop-single dot]" time="0.105" /><testcase classname="tests.test_client_middleware_digest_auth" name="test_digest_response_exact_match[body1-this is a body-MD5-SESS-]" time="0.108" /><testcase classname="tests.test_client_request" name="test_data_stream_exc[pyloop]" time="0.139" /><testcase classname="tests.test_client_request" name="test_method_invalid[pyloop]" time="0.104" /><testcase classname="tests.test_client_middleware" name="test_client_middleware_class_based_auth[pyloop]" time="0.109" /><testcase classname="tests.test_client_request" name="test_path_not_contain_fragment1[pyloop]" time="0.106" /><testcase classname="tests.test_client_request" name="test_content_length_for_methods[pyloop-PATCH-data-4]" time="0.104" /><testcase classname="tests.test_client_request" name="test_post_data[pyloop]" time="0.129" /><testcase classname="tests.test_client_middleware_digest_auth" name="test_digest_response_exact_match[--SHA-512-SESS-auth]" time="0.105" /><testcase classname="tests.test_client_functional" name="test_aiohttp_request_context_manager[pyloop]" time="0.114" /><testcase classname="tests.test_client_functional" name="test_async_iterable_payload_redirect[pyloop]" time="0.113" /><testcase classname="tests.test_client_functional" name="test_chunked_deprecated[pyloop]" time="0.113" /><testcase classname="tests.test_client_response" name="test_response_links_comma_separated[pyloop]" time="0.106" /><testcase classname="tests.test_client_functional" name="test_encoding_gzip_write_by_chunks[zlib-pyloop]" time="0.111" /><testcase classname="tests.test_client_response" name="test_release[pyloop]" time="0.105" /><testcase classname="tests.test_benchmarks_client" name="test_get_request_with_251308_compressed_chunked_payload[isal.isal_zlib-pyloop]" time="0.385" /><testcase classname="tests.test_client_functional" name="test_POST_DATA_DEFLATE[pyloop]" time="0.113" /><testcase classname="tests.test_client_middleware_digest_auth" name="test_auth_header_no_retry[pyloop-DigestWithoutSpace]" time="0.105" /><testcase classname="tests.test_client_functional" name="test_post_data_with_bytesio_file[pyloop]" time="0.115" /><testcase classname="tests.test_client_functional" name="test_invalid_redirect_url_multiple_redirects[pyloop-steam:code-steam:code-NonHttpUrlRedirectClientError]" time="0.111" /><testcase classname="tests.test_client_middleware_digest_auth" name="test_digest_response_exact_match[body1-this is a body-SHA256-SESS-auth,auth-int]" time="0.105" /><testcase classname="tests.test_client_functional" name="test_timeout_on_session_read_timeout[pyloop]" time="0.126" /><testcase classname="tests.test_client_session" name="test_init_cookies_with_simple_dict[pyloop]" time="0.105" /><testcase classname="tests.test_circular_imports" name="test_no_warnings[aiohttp._websocket.writer]" time="0.262" /><testcase classname="tests.test_client_middleware_digest_auth" name="test_encode_algorithm_case_preservation_uppercase[MD5-SESS]" time="0.107" /><testcase classname="tests.test_client_proto" name="test_client_proto_bad_message[pyloop]" time="0.102" /><testcase classname="tests.test_client_functional" name="test_keepalive_after_empty_body_status[pyloop-304]" time="0.110" /><testcase classname="tests.test_client_request" name="test_host_header_fqdn[pyloop-single dot with port]" time="0.101" /><testcase classname="tests.test_client_middleware" name="test_client_middleware_stateful_retry[pyloop]" time="0.108" /><testcase classname="tests.test_client_request" name="test_content_length_for_methods[pyloop-DELETE-x-1]" time="0.101" /><testcase classname="tests.test_client_functional" name="test_socket_timeout[pyloop]" time="0.217" /><testcase classname="tests.test_client_request" name="test_pass_falsy_data[pyloop]" time="0.102" /><testcase classname="tests.test_client_middleware_digest_auth" name="test_digest_response_exact_match[--SHA-512-SESS-auth-int]" time="0.104" /><testcase classname="tests.test_client_request" name="test_version_1_0[pyloop]" time="0.105" /><testcase classname="tests.test_client_middleware_digest_auth" name="test_digest_response_exact_match[body1-this is a body-SHA-auth]" time="0.110" /><testcase classname="tests.test_client_request" name="test_path_not_contain_fragment2[pyloop]" time="0.101" /><testcase classname="tests.test_client_request" name="test_write_bytes_empty_iterable_with_content_length[pyloop]" time="0.129" /><testcase classname="tests.test_client_response" name="test_response_links_multiple_headers[pyloop]" time="0.103" /><testcase classname="tests.test_client_functional" name="test_invalid_and_non_http_url[pyloop-http://:/-http://:/-InvalidUrlClientError]" time="0.104" /><testcase classname="tests.test_client_functional" name="test_invalid_redirect_url_multiple_redirects[pyloop-twitter://handle-twitter://handle-NonHttpUrlRedirectClientError]" time="0.109" /><testcase classname="tests.test_client_functional" name="test_post_data_stringio[pyloop]" time="0.106" /><testcase classname="tests.test_client_middleware_digest_auth" name="test_digest_response_exact_match[body1-this is a body-SHA256-SESS-]" time="0.100" /><testcase classname="tests.test_client_request" name="test_data_stream_exc_chain[pyloop]" time="0.137" /><testcase classname="tests.test_client_response" name="test_release_on_del[pyloop]" time="0.089" /><testcase classname="tests.test_client_functional" name="test_encoding_gzip_write_by_chunks[zlib_ng.zlib_ng-pyloop]" time="0.107" /><testcase classname="tests.test_client_functional" name="test_buffered_reader_payload_redirect[pyloop]" time="0.113" /><testcase classname="tests.test_circular_imports" name="test_no_warnings[aiohttp.typedefs]" time="0.249" /><testcase classname="tests.test_client_functional" name="test_POST_FILES[pyloop]" time="0.174" /><testcase classname="tests.test_client_middleware_digest_auth" name="test_auth_header_no_retry[pyloop-Basic realm=&quot;test&quot;]" time="0.103" /><testcase classname="tests.test_client_functional" name="test_aiohttp_request_ctx_manager_close_sess_on_error[pyloop]" time="0.164" /><testcase classname="tests.test_client_session" name="test_init_cookies_with_list_of_tuples[pyloop]" time="0.105" /><testcase classname="tests.test_client_functional" name="test_read_timeout_between_chunks[pyloop]" time="2.126" /><testcase classname="tests.test_client_middleware_digest_auth" name="test_encode_algorithm_case_preservation_uppercase[SHA-256]" time="0.104" /><testcase classname="tests.test_client_proto" name="test_uncompleted_message[pyloop]" time="0.108" /><testcase classname="tests.test_client_request" name="test_host_header_fqdn[pyloop-multiple dots with port]" time="0.106" /><testcase classname="tests.test_client_functional" name="test_keepalive_after_empty_body_status_stream_response[pyloop-101]" time="0.110" /><testcase classname="tests.test_client_request" name="test_warn_if_unclosed_payload_via_body_setter[pyloop]" time="0.101" /><testcase classname="tests.test_client_request" name="test_get_methods_classification[GET]" time="0.003" /><testcase classname="tests.test_benchmarks_web_fileresponse" name="test_simple_web_file_sendfile_fallback_response[pyloop]" time="0.354" /><testcase classname="tests.test_client_request" name="test_pass_falsy_data_file[pyloop]" time="0.161" /><testcase classname="tests.test_client_request" name="test_version_default[pyloop]" time="0.105" /><testcase classname="tests.test_client_middleware" name="test_client_middleware_multiple_instances[pyloop]" time="0.112" /><testcase classname="tests.test_client_request" name="test_get_methods_classification[HEAD]" time="0.003" /><testcase classname="tests.test_client_middleware_digest_auth" name="test_digest_response_exact_match[--SHA-512-SESS-auth,auth-int]" time="0.106" /><testcase classname="tests.test_client_request" name="test_get_methods_classification[OPTIONS]" time="0.003" /><testcase classname="tests.test_client_response" name="test_response_eof[pyloop]" time="0.094" /><testcase classname="tests.test_client_request" name="test_get_methods_classification[TRACE]" time="0.003" /><testcase classname="tests.test_client_request" name="test_non_get_methods_classification[POST]" time="0.003" /><testcase classname="tests.test_client_request" name="test_non_get_methods_classification[PUT]" time="0.003" /><testcase classname="tests.test_client_request" name="test_cookies[pyloop]" time="0.105" /><testcase classname="tests.test_client_middleware_digest_auth" name="test_digest_response_exact_match[body1-this is a body-SHA-auth-int]" time="0.112" /><testcase classname="tests.test_client_response" name="test_response_links_no_rel[pyloop]" time="0.107" /><testcase classname="tests.test_client_middleware_digest_auth" name="test_auth_header_no_retry[pyloop-Digest ]" time="0.115" /><testcase classname="tests.test_client_middleware_digest_auth" name="test_digest_response_exact_match[body1-this is a body-SHA512-auth]" time="0.104" /><testcase classname="tests.test_client_functional" name="test_string_io_payload_redirect[pyloop]" time="0.114" /><testcase classname="tests.test_client_request" name="test_non_get_methods_classification[PATCH]" time="0.003" /><testcase classname="tests.test_client_request" name="test_non_get_methods_classification[DELETE]" time="0.003" /><testcase classname="tests.test_client_request" name="test_content_length_with_string_data[pyloop]" time="0.103" /><testcase classname="tests.test_client_functional" name="test_invalid_redirect_url_multiple_redirects[pyloop-bluesky://profile/d:i:d-bluesky://profile/d:i:d-NonHttpUrlRedirectClientError]" time="0.109" /><testcase classname="tests.test_client_functional" name="test_post_data_textio_encoding[pyloop]" time="0.116" /><testcase classname="tests.test_client_functional" name="test_invalid_and_non_http_url[pyloop-http://example.org:non_int_port/-http://example.org:non_int_port/-InvalidUrlClientError]" time="0.106" /><testcase classname="tests.test_client_session" name="test_merge_headers[pyloop]" time="0.106" /><testcase classname="tests.test_client_functional" name="test_encoding_gzip_write_by_chunks[isal.isal_zlib-pyloop]" time="0.118" /><testcase classname="tests.test_client_middleware_digest_auth" name="test_encode_algorithm_case_preservation_lowercase[md5]" time="0.103" /><testcase classname="tests.test_client_functional" name="test_aiohttp_request_ctx_manager_not_found[pyloop]" time="0.113" /><testcase classname="tests.test_client_proto" name="test_data_received_after_close[pyloop]" time="0.116" /><testcase classname="tests.test_client_request" name="test_data_stream_continue[pyloop]" time="0.134" /><testcase classname="tests.test_client_request" name="test_host_header_fqdn[pyloop-explicit host header]" time="0.103" /><testcase classname="tests.test_client_request" name="test_no_warn_for_autoclose_payload_via_body_setter[pyloop]" time="0.106" /><testcase classname="tests.test_client_request" name="test_request_info[pyloop]" time="0.104" /><testcase classname="tests.test_client_functional" name="test_keepalive_after_empty_body_status_stream_response[pyloop-204]" time="0.109" /><testcase classname="tests.test_client_functional" name="test_POST_FILES_DEFLATE[pyloop]" time="0.125" /><testcase classname="tests.test_client_request" name="test_cookies_is_quoted_with_special_characters[pyloop]" time="0.111" /><testcase classname="tests.test_client_response" name="test_response_eof_upgraded[pyloop]" time="0.098" /><testcase classname="tests.test_client_middleware_digest_auth" name="test_digest_response_exact_match[--SHA-512-SESS-]" time="0.104" /><testcase classname="tests.test_client_middleware" name="test_request_middleware_overrides_session_middleware_with_empty[pyloop]" time="0.102" /><testcase classname="tests.test_client_middleware_digest_auth" name="test_digest_response_exact_match[body1-this is a body-SHA-auth,auth-int]" time="0.119" /><testcase classname="tests.test_client_functional" name="test_read_timeout_closes_connection[pyloop]" time="0.316" /><testcase classname="tests.test_circular_imports" name="test_no_warnings[aiohttp.abc]" time="0.266" /><testcase classname="tests.test_client_middleware_digest_auth" name="test_digest_response_exact_match[body1-this is a body-SHA512-auth-int]" time="0.103" /><testcase classname="tests.test_client_response" name="test_response_links_quoted[pyloop]" time="0.107" /><testcase classname="tests.test_client_functional" name="test_invalid_and_non_http_url[pyloop-http:/-http:///-InvalidUrlClientError]" time="0.098" /><testcase classname="tests.test_client_request" name="test_content_length_with_async_iterable[pyloop]" time="0.100" /><testcase classname="tests.test_client_functional" name="test_ok_from_status[pyloop-200-True]" time="0.107" /><testcase classname="tests.test_client_functional" name="test_bytes_io_payload_redirect[pyloop]" time="0.101" /><testcase classname="tests.test_client_middleware_digest_auth" name="test_auth_header_no_retry[pyloop-Digest =invalid, format]" time="0.103" /><testcase classname="tests.test_client_functional" name="test_encoding_gzip_nochunk[zlib-pyloop]" time="0.093" /><testcase classname="tests.test_client_request" name="test_get_with_data[pyloop]" time="0.103" /><testcase classname="tests.test_client_functional" name="test_post_data_zipfile_filelike[pyloop]" time="0.132" /><testcase classname="tests.test_circular_imports" name="test_no_warnings[aiohttp.web]" time="0.300" /><testcase classname="tests.test_client_session" name="test_merge_headers_with_multi_dict[pyloop]" time="0.110" /><testcase classname="tests.test_client_middleware_digest_auth" name="test_encode_algorithm_case_preservation_lowercase[MD5-sess]" time="0.105" /><testcase classname="tests.test_client_functional" name="test_raising_client_connector_dns_error_on_dns_failure[pyloop]" time="0.106" /><testcase classname="tests.test_benchmarks_client" name="test_one_hundred_get_requests_with_1024_content_length_payload[pyloop]" time="0.191" /><testcase classname="tests.test_client_request" name="test_host_header_fqdn[pyloop-https]" time="0.104" /><testcase classname="tests.test_client_request" name="test_data_continue[pyloop]" time="0.133" /><testcase classname="tests.test_client_response" name="test_response_eof_after_connection_detach[pyloop]" time="0.103" /><testcase classname="tests.test_client_proto" name="test_multiple_responses_one_byte_at_a_time[pyloop]" time="0.105" /><testcase classname="tests.test_client_request" name="test_no_warn_for_consumed_payload_via_body_setter[pyloop]" time="0.118" /><testcase classname="tests.test_client_functional" name="test_keepalive_after_empty_body_status_stream_response[pyloop-304]" time="0.112" /><testcase classname="tests.test_client_request" name="test_request_info_with_fragment[pyloop]" time="0.106" /><testcase classname="tests.test_client_request" name="test_cookies_merge_with_headers[pyloop]" time="0.099" /><testcase classname="tests.test_client_middleware_digest_auth" name="test_digest_response_exact_match[--SHA-SESS-auth]" time="0.108" /><testcase classname="tests.test_client_middleware" name="test_request_middleware_overrides_session_middleware_with_specific[pyloop]" time="0.104" /><testcase classname="tests.test_client_functional" name="test_POST_bytes[pyloop]" time="0.097" /><testcase classname="tests.test_client_functional" name="test_invalid_and_non_http_url[pyloop-http:/example.com-http:///example.com-InvalidUrlClientError]" time="0.107" /><testcase classname="tests.test_client_middleware_digest_auth" name="test_digest_response_exact_match[body1-this is a body-SHA512-auth,auth-int]" time="0.106" /><testcase classname="tests.test_client_response" name="test_response_links_relative[pyloop]" time="0.106" /><testcase classname="tests.test_client_middleware_digest_auth" name="test_digest_response_exact_match[body1-this is a body-SHA-]" time="0.110" /><testcase classname="tests.test_client_request" name="test_content_length_not_overridden[pyloop]" time="0.111" /><testcase classname="tests.test_client_functional" name="test_encoding_gzip_nochunk[zlib_ng.zlib_ng-pyloop]" time="0.086" /><testcase classname="tests.test_client_functional" name="test_multiple_redirects_with_bytes_payload[pyloop]" time="0.106" /><testcase classname="tests.test_client_functional" name="test_ok_from_status[pyloop-201-True]" time="0.110" /><testcase classname="tests.test_client_middleware_digest_auth" name="test_direct_success_no_auth_needed[pyloop]" time="0.109" /><testcase classname="tests.test_client_session" name="test_merge_headers_with_list_of_tuples[pyloop]" time="0.103" /><testcase classname="tests.test_client_functional" name="test_post_data_tarfile_filelike[pyloop]" time="0.100" /><testcase classname="tests.test_client_request" name="test_bytes_data[pyloop]" time="0.130" /><testcase classname="tests.test_client_middleware_digest_auth" name="test_encode_algorithm_case_preservation_lowercase[sha-256]" time="0.106" /><testcase classname="tests.test_client_functional" name="test_aiohttp_request_coroutine[pyloop]" time="0.131" /><testcase classname="tests.test_client_request" name="test_host_header_fqdn[pyloop-only dots]" time="0.109" /><testcase classname="tests.test_client_response" name="test_text[pyloop]" time="0.105" /><testcase classname="tests.test_client_proto" name="test_unexpected_exception_during_data_received[pyloop]" time="0.107" /><testcase classname="tests.test_client_request" name="test_unicode_get1[pyloop]" time="0.103" /><testcase classname="tests.test_client_request" name="test_version_err[pyloop]" time="0.106" /><testcase classname="tests.test_client_functional" name="test_keepalive_response_released[pyloop]" time="0.111" /><testcase classname="tests.test_client_middleware" name="test_client_middleware_exception_closes_connection[pyloop-ValueError-Middleware error]" time="0.104" /><testcase classname="tests.test_client_functional" name="test_encoding_gzip_nochunk[isal.isal_zlib-pyloop]" time="0.093" /><testcase classname="tests.test_client_middleware_digest_auth" name="test_digest_response_exact_match[--SHA-SESS-auth-int]" time="0.106" /><testcase classname="tests.test_client_functional" name="test_POST_bytes_too_large[pyloop]" time="0.111" /><testcase classname="tests.test_client_functional" name="test_invalid_and_non_http_url[pyloop-http:///example.com-http:///example.com-InvalidUrlClientError]" time="0.104" /><testcase classname="tests.test_client_request" name="test_close[pyloop]" time="0.135" /><testcase classname="tests.test_client_middleware_digest_auth" name="test_digest_response_exact_match[body1-this is a body-SHA512-]" time="0.104" /><testcase classname="tests.test_client_request" name="test_warn_if_unclosed_payload_via_update_body_from_data[pyloop]" time="0.103" /><testcase classname="tests.test_client_response" name="test_response_links_empty[pyloop]" time="0.103" /><testcase classname="tests.test_client_middleware_digest_auth" name="test_digest_response_exact_match[body1-this is a body-SHA-256-auth]" time="0.107" /><testcase classname="tests.test_client_request" name="test_content_length_with_formdata[pyloop]" time="0.106" /><testcase classname="tests.test_benchmarks_web_fileresponse" name="test_simple_web_file_response_not_modified[pyloop]" time="0.278" /><testcase classname="tests.test_client_functional" name="test_ok_from_status[pyloop-301-True]" time="0.107" /><testcase classname="tests.test_client_functional" name="test_redirect_with_empty_payload[pyloop]" time="0.110" /><testcase classname="tests.test_client_middleware_digest_auth" name="test_no_retry_on_second_401[pyloop]" time="0.112" /><testcase classname="tests.autobahn.test_autobahn" name="test_client" time="0.965"><skipped type="pytest.xfail" message="" /></testcase><testcase classname="tests.test_client_functional" name="test_post_bytes_data_content_length_from_body[pyloop]" time="0.109" /><testcase classname="tests.test_client_session" name="test_merge_headers_with_list_of_tuples_duplicated_names[pyloop]" time="0.105" /><testcase classname="tests.test_circular_imports" name="test_no_warnings[aiohttp.base_protocol]" time="0.259" /><testcase classname="tests.test_client_middleware_digest_auth" name="test_invalid_qop_rejected" time="0.103" /><testcase classname="tests.test_benchmarks_client" name="test_one_hundred_get_requests_with_30000_content_length_payload[pyloop]" time="0.180" /><testcase classname="tests.test_client_response" name="test_text_bad_encoding[pyloop]" time="0.108" /><testcase classname="tests.test_client_request" name="test_host_header_fqdn[pyloop-single dot with port idna]" time="0.104" /><testcase classname="tests.test_client_request" name="test_content_encoding[zlib-pyloop]" time="0.129" /><testcase classname="tests.test_client_request" name="test_unicode_get2[pyloop]" time="0.102" /><testcase classname="tests.test_client_request" name="test_host_port_default_http[pyloop]" time="0.105" /><testcase classname="tests.test_client_proto" name="test_client_protocol_readuntil_eof[pyloop]" time="0.105" /><testcase classname="tests.test_client_functional" name="test_bad_payload_compression[pyloop]" time="0.095" /><testcase classname="tests.autobahn.test_autobahn" name="test_server" time="0.001"><skipped type="pytest.xfail" message="" /></testcase><testcase classname="tests.test_client_request" name="test_warn_via_update_with_file_payload[pyloop]" time="0.111" /><testcase classname="tests.test_client_middleware" name="test_client_middleware_exception_closes_connection[pyloop-ClientError-Client error from middleware]" time="0.104" /><testcase classname="tests.test_client_functional" name="test_upgrade_connection_not_released_after_read[pyloop]" time="0.110" /><testcase classname="tests.test_client_functional" name="test_read_timeout_on_prepared_response[pyloop]" time="0.215" /><testcase classname="tests.test_base_protocol" name="test_loop" time="0.111" /><testcase classname="tests.test_client_middleware_digest_auth" name="test_digest_response_exact_match[--SHA-SESS-auth,auth-int]" time="0.107" /><testcase classname="tests.test_client_functional" name="test_aiohttp_request_ssl[pyloop]" time="0.122" /><testcase classname="tests.test_client_functional" name="test_POST_FILES_STR[pyloop]" time="0.156" /><testcase classname="tests.test_client_functional" name="test_invalid_and_non_http_url[pyloop-call:+380123456789-call:\\+380123456789-NonHttpUrlClientError]" time="0.110" /><testcase classname="tests.test_client_middleware_digest_auth" name="test_digest_response_exact_match[body1-this is a body-SHA512-SESS-auth]" time="0.107" /><testcase classname="tests.test_client_response" name="test_response_not_closed_after_get_ok" time="0.007" /><testcase classname="tests.test_client_middleware_digest_auth" name="test_digest_response_exact_match[body1-this is a body-SHA-256-auth-int]" time="0.109" /><testcase classname="tests.test_client_response" name="test_response_duplicate_cookie_names[pyloop]" time="0.109" /><testcase classname="tests.test_client_request" name="test_no_content_length_with_chunked[pyloop]" time="0.102" /><testcase classname="tests.test_client_functional" name="test_redirect_preserves_content_type[pyloop]" time="0.107" /><testcase classname="tests.test_client_request" name="test_bad_version[pyloop]" time="0.111" /><testcase classname="tests.test_client_functional" name="test_ok_from_status[pyloop-400-False]" time="0.112" /><testcase classname="tests.test_circular_imports" name="test_no_warnings[aiohttp.web_app]" time="0.309" /><testcase classname="tests.test_client_middleware_digest_auth" name="test_preemptive_auth_disabled[pyloop]" time="0.111" /><testcase classname="tests.test_client_session" name="test_http_GET[pyloop]" time="0.105" /><testcase classname="tests.test_client_functional" name="test_post_custom_payload_without_content_length[pyloop]" time="0.108" /><testcase classname="tests.test_client_middleware_digest_auth" name="test_digest_response_exact_match[--MD5-auth]" time="0.112" /><testcase classname="tests.test_client_request" name="test_default_headers_useragent[pyloop]" time="0.112" /><testcase classname="tests.test_client_request" name="test_unicode_get3[pyloop]" time="0.103" /><testcase classname="tests.test_client_functional" name="test_bad_payload_chunked_encoding[pyloop]" time="0.110" /><testcase classname="tests.test_client_response" name="test_text_badly_encoded_encoding_header[pyloop]" time="0.106" /><testcase classname="tests.test_client_request" name="test_host_port_default_https[pyloop]" time="0.108" /><testcase classname="tests.test_client_proto" name="test_empty_data[pyloop]" time="0.104" /><testcase classname="tests.test_client_middleware" name="test_client_middleware_exception_closes_connection[pyloop-OSError-OS error from middleware]" time="0.105" /><testcase classname="tests.test_client_middleware_digest_auth" name="test_digest_response_exact_match[--SHA-SESS-]" time="0.110" /><testcase classname="tests.test_base_protocol" name="test_pause_writing" time="0.108" /><testcase classname="tests.test_client_request" name="test_no_warn_for_simple_data_via_update_body_from_data[pyloop]" time="0.111" /><testcase classname="tests.test_client_functional" name="test_keepalive_server_force_close_connection[pyloop]" time="0.114" /><testcase classname="tests.test_client_functional" name="test_yield_from_in_session_request[pyloop]" time="0.110" /><testcase classname="tests.test_client_middleware_digest_auth" name="test_digest_response_exact_match[body1-this is a body-SHA512-SESS-auth-int]" time="0.107" /><testcase classname="tests.test_client_functional" name="test_too_many_redirects_closes_payload[pyloop]" time="0.109" /><testcase classname="tests.test_client_request" name="test_custom_response_class[pyloop]" time="0.109" /><testcase classname="tests.test_client_request" name="test_update_body_none_sets_content_length_zero[pyloop-POST]" time="0.102" /><testcase classname="tests.test_benchmarks_client" name="test_one_hundred_get_requests_with_512kib_content_length_payload[pyloop]" time="0.291" /><testcase classname="tests.test_client_middleware_digest_auth" name="test_digest_response_exact_match[body1-this is a body-SHA-256-auth,auth-int]" time="0.114" /><testcase classname="tests.test_client_response" name="test_response_raw_cookie_headers_preserved[pyloop]" time="0.109" /><testcase classname="tests.test_client_request" name="test_content_encoding[zlib_ng.zlib_ng-pyloop]" time="0.131" /><testcase classname="tests.test_client_functional" name="test_invalid_and_non_http_url[pyloop-skype:handle-skype:handle-NonHttpUrlClientError]" time="0.110" /><testcase classname="tests.test_client_functional" name="test_ok_from_status[pyloop-403-False]" time="0.108" /><testcase classname="tests.test_client_functional" name="test_POST_FILES_STR_SIMPLE[pyloop]" time="0.153" /><testcase classname="tests.test_client_session" name="test_http_OPTIONS[pyloop]" time="0.104" /><testcase classname="tests.test_client_middleware_digest_auth" name="test_preemptive_auth_with_stale_nonce[pyloop]" time="0.111" /><testcase classname="tests.test_client_middleware_digest_auth" name="test_digest_response_exact_match[--MD5-auth-int]" time="0.105" /><testcase classname="tests.test_client_functional" name="test_ssl_client[pyloop]" time="0.146" /><testcase classname="tests.test_client_request" name="test_unicode_get4[pyloop]" time="0.102" /><testcase classname="tests.test_client_response" name="test_text_custom_encoding[pyloop]" time="0.094" /><testcase classname="tests.test_client_proto" name="test_schedule_timeout[pyloop]" time="0.103" /><testcase classname="tests.test_client_request" name="test_default_headers_useragent_custom[pyloop]" time="0.093" /><testcase classname="tests.test_client_functional" name="test_no_payload_304_with_chunked_encoding[pyloop]" time="0.111" /><testcase classname="tests.test_benchmarks_web_middleware" name="test_ten_web_middlewares[pyloop]" time="0.176" /><testcase classname="tests.test_client_request" name="test_host_port_nondefault_http[pyloop]" time="0.105" /><testcase classname="tests.test_client_middleware" name="test_client_middleware_blocks_connection_before_established[pyloop]" time="0.110" /><testcase classname="tests.test_circular_imports" name="test_no_warnings[aiohttp.client]" time="0.274" /><testcase classname="tests.test_client_middleware_digest_auth" name="test_digest_response_exact_match[--SHA256-auth]" time="0.104" /><testcase classname="tests.test_client_functional" name="test_timeout_with_full_buffer[pyloop]" time="0.621" /><testcase classname="tests.test_base_protocol" name="test_pause_reading_no_transport" time="0.107" /><testcase classname="tests.test_client_request" name="test_update_body_closes_previous_payload[pyloop]" time="0.118" /><testcase classname="tests.test_client_functional" name="test_keepalive_timeout_async_sleep[pyloop]" time="0.124" /><testcase classname="tests.test_client_middleware_digest_auth" name="test_digest_response_exact_match[body1-this is a body-SHA512-SESS-auth,auth-int]" time="0.107" /><testcase classname="tests.test_client_functional" name="test_close_context_manager[pyloop]" time="0.107" /><testcase classname="tests.test_client_functional" name="test_invalid_and_non_http_url[pyloop-slack://instance/room-slack://instance/room-NonHttpUrlClientError]" time="0.108" /><testcase classname="tests.test_client_request" name="test_update_body_none_sets_content_length_zero[pyloop-PUT]" time="0.105" /><testcase classname="tests.test_client_response" name="test_response_cookies_setter_updates_raw_headers[pyloop]" time="0.107" /><testcase classname="tests.test_client_request" name="test_content_encoding[isal.isal_zlib-pyloop]" time="0.136" /><testcase classname="tests.test_client_middleware_digest_auth" name="test_digest_response_exact_match[body1-this is a body-SHA-256-]" time="0.110" /><testcase classname="tests.test_client_functional" name="test_invalid_url_redirect_closes_payload[pyloop]" time="0.110" /><testcase classname="tests.test_client_request" name="test_oserror_on_write_bytes[pyloop]" time="0.138" /><testcase classname="tests.test_client_functional" name="test_ok_from_status[pyloop-500-False]" time="0.109" /><testcase classname="tests.test_client_session" name="test_http_HEAD[pyloop]" time="0.106" /><testcase classname="tests.test_client_middleware_digest_auth" name="test_preemptive_auth_updates_nonce_count[pyloop]" time="0.113" /><testcase classname="tests.test_client_middleware_digest_auth" name="test_digest_response_exact_match[--MD5-auth,auth-int]" time="0.104" /><testcase classname="tests.test_client_response" name="test_text_charset_resolver[pyloop-text/plain]" time="0.093" /><testcase classname="tests.test_client_request" name="test_skip_default_useragent_header[pyloop]" time="0.087" /><testcase classname="tests.test_client_request" name="test_query_multivalued_param[pyloop]" time="0.101" /><testcase classname="tests.test_client_proto" name="test_drop_timeout[pyloop]" time="0.100" /><testcase classname="tests.test_client_request" name="test_host_port_nondefault_https[pyloop]" time="0.102" /><testcase classname="tests.test_client_functional" name="test_head_request_with_chunked_encoding[pyloop]" time="0.100" /><testcase classname="tests.test_client_functional" name="test_POST_FILES_LIST[pyloop]" time="0.134" /><testcase classname="tests.test_client_middleware_digest_auth" name="test_digest_response_exact_match[--SHA256-auth-int]" time="0.105" /><testcase classname="tests.test_client_middleware" name="test_client_middleware_blocks_connection_without_dns_lookup[pyloop]" time="0.110" /><testcase classname="tests.test_base_protocol" name="test_pause_reading_stub_transport" time="0.105" /><testcase classname="tests.test_client_functional" name="test_ssl_client_shutdown_timeout[pyloop]" time="0.121" /><testcase classname="tests.test_client_middleware_digest_auth" name="test_digest_response_exact_match[body1-this is a body-SHA512-SESS-]" time="0.103" /><testcase classname="tests.test_client_request" name="test_update_body_none_sets_content_length_zero[pyloop-PATCH]" time="0.105" /><testcase classname="tests.test_client_functional" name="test_invalid_and_non_http_url[pyloop-steam:code-steam:code-NonHttpUrlClientError]" time="0.105" /><testcase classname="tests.test_client_functional" name="test_session_auth[pyloop]" time="0.110" /><testcase classname="tests.test_client_session" name="test_close_coro[pyloop]" time="0.105" /><testcase classname="tests.test_client_request" name="test_body_setter_closes_previous_payload[pyloop]" time="0.118" /><testcase classname="tests.test_client_functional" name="test_keepalive_timeout_sync_sleep[pyloop]" time="0.170" /><testcase classname="tests.test_circular_imports" name="test_no_warnings[aiohttp.web_exceptions]" time="0.267" /><testcase classname="tests.test_client_middleware_digest_auth" name="test_digest_response_exact_match[body1-this is a body-SHA-256-SESS-auth]" time="0.106" /><testcase classname="tests.test_client_functional" name="test_non_http_redirect_closes_payload[pyloop]" time="0.109" /><testcase classname="tests.test_client_functional" name="test_raise_for_status[pyloop]" time="0.109" /><testcase classname="tests.test_client_session" name="test_http_POST[pyloop]" time="0.107" /><testcase classname="tests.test_benchmarks_web_response" name="test_simple_web_response" time="0.002" /><testcase classname="tests.test_client_request" name="test_content_encoding_dont_set_headers_if_no_body[pyloop]" time="0.128" /><testcase classname="tests.test_client_request" name="test_headers[pyloop]" time="0.085" /><testcase classname="tests.test_benchmarks_web_response" name="test_web_response_with_headers" time="0.002" /><testcase classname="tests.test_client_middleware_digest_auth" name="test_preemptive_auth_respects_protection_space[pyloop]" time="0.112" /><testcase classname="tests.test_benchmarks_web_response" name="test_web_response_with_bytes_body" time="0.002" /><testcase classname="tests.test_client_response" name="test_text_charset_resolver[pyloop-text/plain;charset=invalid]" time="0.109" /><testcase classname="tests.test_benchmarks_web_response" name="test_web_response_with_text_body" time="0.002" /><testcase classname="tests.test_benchmarks_web_response" name="test_simple_web_stream_response" time="0.002" /><testcase classname="tests.test_benchmarks_web_urldispatcher" name="test_resolve_root_route[pyloop]" time="0.104" /><testcase classname="tests.test_client_request" name="test_cancel_close[pyloop]" time="0.133" /><testcase classname="tests.test_client_request" name="test_query_str_param[pyloop]" time="0.103" /><testcase classname="tests.test_client_middleware_digest_auth" name="test_digest_response_exact_match[--MD5-]" time="0.105" /><testcase classname="tests.test_client_proto" name="test_reschedule_timeout[pyloop]" time="0.103" /><testcase classname="tests.test_client_request" name="test_host_port_default_ws[pyloop]" time="0.103" /><testcase classname="tests.test_client_functional" name="test_no_payload_200_with_chunked_encoding[pyloop]" time="0.093" /><testcase classname="tests.test_benchmarks_client" name="test_one_hundred_simple_post_requests[pyloop]" time="0.181" /><testcase classname="tests.test_client_middleware_digest_auth" name="test_digest_response_exact_match[--SHA256-auth,auth-int]" time="0.104" /><testcase classname="tests.test_base_protocol" name="test_resume_reading_no_transport" time="0.104" /><testcase classname="tests.test_client_middleware" name="test_client_middleware_retry_reuses_connection[pyloop]" time="0.106" /><testcase classname="tests.test_client_middleware_digest_auth" name="test_parse_header_pairs[fully_quoted_header]" time="0.004" /><testcase classname="tests.test_client_request" name="test_update_body_none_sets_content_length_zero[pyloop-DELETE]" time="0.104" /><testcase classname="tests.test_client_functional" name="test_invalid_and_non_http_url[pyloop-twitter://handle-twitter://handle-NonHttpUrlClientError]" time="0.107" /><testcase classname="tests.test_client_functional" name="test_ssl_client_alpn[pyloop]" time="0.116" /><testcase classname="tests.test_client_functional" name="test_POST_FILES_CT[pyloop]" time="0.135" /><testcase classname="tests.test_client_functional" name="test_session_auth_override[pyloop]" time="0.107" /><testcase classname="tests.test_client_middleware_digest_auth" name="test_parse_header_pairs[unquoted_header]" time="0.004" /><testcase classname="tests.test_client_middleware_digest_auth" name="test_parse_header_pairs[mixed_quoted_unquoted_with_commas]" time="0.003" /><testcase classname="tests.test_client_middleware_digest_auth" name="test_parse_header_pairs[header_with_scheme]" time="0.004" /><testcase classname="tests.test_client_session" name="test_init_headers_simple_dict[pyloop]" time="0.107" /><testcase classname="tests.test_client_request" name="test_headers_list[pyloop]" time="0.103" /><testcase classname="tests.test_client_request" name="test_update_body_with_different_types[pyloop]" time="0.108" /><testcase classname="tests.test_client_middleware_digest_auth" name="test_digest_response_exact_match[body1-this is a body-SHA-256-SESS-auth-int]" time="0.111" /><testcase classname="tests.test_client_middleware_digest_auth" name="test_parse_header_pairs[no_spaces_after_commas]" time="0.003" /><testcase classname="tests.test_client_middleware_digest_auth" name="test_parse_header_pairs[extra_whitespace]" time="0.004" /><testcase classname="tests.test_client_functional" name="test_invalid_redirect_origin_closes_payload[pyloop]" time="0.108" /><testcase classname="tests.test_client_middleware_digest_auth" name="test_parse_header_pairs[escaped_quotes]" time="0.003" /><testcase classname="tests.test_client_middleware_digest_auth" name="test_parse_header_pairs[single_quotes_as_regular_chars]" time="0.003" /><testcase classname="tests.test_client_functional" name="test_raise_for_status_per_request[pyloop]" time="0.113" /><testcase classname="tests.test_client_middleware_digest_auth" name="test_parse_header_pairs[empty_header]" time="0.003" /><testcase classname="tests.test_client_session" name="test_http_PUT[pyloop]" time="0.104" /><testcase classname="tests.test_circular_imports" name="test_no_warnings[aiohttp.client_exceptions]" time="0.272" /><testcase classname="tests.test_client_middleware_digest_auth" name="test_digest_auth_middleware_callable" time="0.003" /><testcase classname="tests.test_client_response" name="test_get_encoding_body_none[pyloop]" time="0.106" /><testcase classname="tests.test_client_middleware_digest_auth" name="test_preemptive_auth_with_absolute_domain_uris[pyloop]" time="0.113" /><testcase classname="tests.test_client_request" name="test_query_bytes_param_raises[pyloop]" time="0.103" /><testcase classname="tests.test_client_middleware_digest_auth" name="test_middleware_invalid_login" time="0.004" /><testcase classname="tests.test_client_middleware_digest_auth" name="test_escaping_quotes_in_auth_header" time="0.107" /><testcase classname="tests.test_benchmarks_web_urldispatcher" name="test_resolve_root_route_with_many_fixed_routes[pyloop]" time="0.127" /><testcase classname="tests.test_client_middleware_digest_auth" name="test_digest_response_exact_match[--MD5-SESS-auth]" time="0.110" /><testcase classname="tests.test_client_functional" name="test_bad_payload_content_length[pyloop]" time="0.095" /><testcase classname="tests.test_client_proto" name="test_eof_received[pyloop]" time="0.103" /><testcase classname="tests.test_client_request" name="test_content_encoding_header[zlib-pyloop]" time="0.131" /><testcase classname="tests.test_client_request" name="test_host_port_default_wss[pyloop]" time="0.107" /><testcase classname="tests.test_client_request" name="test_terminate[pyloop]" time="0.108" /><testcase classname="tests.test_client_functional" name="test_release_early[pyloop]" time="0.112" /><testcase classname="tests.test_client_middleware_digest_auth" name="test_digest_response_exact_match[--SHA256-]" time="0.109" /><testcase classname="tests.test_client_middleware" name="test_middleware_uses_session_avoids_recursion_with_path_check[pyloop]" time="0.115" /><testcase classname="tests.test_base_protocol" name="test_resume_reading_stub_transport" time="0.103" /><testcase classname="tests.test_client_request" name="test_update_body_none_no_content_length_for_get_methods[pyloop-GET]" time="0.102" /><testcase classname="tests.test_client_functional" name="test_invalid_and_non_http_url[pyloop-bluesky://profile/d:i:d-bluesky://profile/d:i:d-NonHttpUrlClientError]" time="0.106" /><testcase classname="tests.test_client_functional" name="test_session_auth_header_conflict[pyloop]" time="0.103" /><testcase classname="tests.test_client_functional" name="test_tcp_connector_fingerprint_ok[pyloop]" time="0.111" /><testcase classname="tests.test_client_session" name="test_properties[pyloop-skip_auto_headers-_skip_auto_headers]" time="0.106" /><testcase classname="tests.test_client_request" name="test_update_body_with_chunked_encoding[pyloop]" time="0.107" /><testcase classname="tests.test_client_request" name="test_headers_default[pyloop]" time="0.107" /><testcase classname="tests.test_client_middleware_digest_auth" name="test_digest_response_exact_match[body1-this is a body-SHA-256-SESS-auth,auth-int]" time="0.109" /><testcase classname="tests.test_client_functional" name="test_amazon_like_cookie_scenario[pyloop]" time="0.104" /><testcase classname="tests.test_client_session" name="test_http_PATCH[pyloop]" time="0.100" /><testcase classname="tests.test_client_functional" name="test_POST_FILES_SINGLE[pyloop]" time="0.136" /><testcase classname="tests.test_client_functional" name="test_raise_for_status_disable_per_request[pyloop]" time="0.113" /><testcase classname="tests.test_client_functional" name="test_payload_content_length_by_chunks[pyloop]" time="0.091" /><testcase classname="tests.test_client_request" name="test_query_str_param_is_not_encoded[pyloop]" time="0.098" /><testcase classname="tests.test_client_response" name="test_text_after_read[pyloop]" time="0.100" /><testcase classname="tests.test_benchmarks_client" name="test_one_hundred_json_post_requests[pyloop]" time="0.185" /><testcase classname="tests.test_client_proto" name="test_connection_lost_sets_transport_to_none[pyloop]" time="0.099" /><testcase classname="tests.test_client_middleware_digest_auth" name="test_digest_response_exact_match[--MD5-SESS-auth-int]" time="0.109" /><testcase classname="tests.test_client_middleware_digest_auth" name="test_preemptive_auth_without_domain_uses_origin[pyloop]" time="0.109" /><testcase classname="tests.test_circular_imports" name="test_no_warnings[aiohttp.web_fileresponse]" time="0.275" /><testcase classname="tests.test_client_middleware_digest_auth" name="test_template_based_header_construction" time="0.110" /><testcase classname="tests.test_client_request" name="test_host_port_nondefault_ws[pyloop]" time="0.108" /><testcase classname="tests.test_benchmarks_web_urldispatcher" name="test_resolve_static_root_route[pyloop]" time="0.109" /><testcase classname="tests.test_client_request" name="test_terminate_with_closed_loop[pyloop]" time="0.168" /><testcase classname="tests.test_client_functional" name="test_HTTP_304[pyloop]" time="0.112" /><testcase classname="tests.test_client_middleware_digest_auth" name="test_digest_response_exact_match[--SHA256-SESS-auth]" time="0.108" /><testcase classname="tests.test_client_request" name="test_content_encoding_header[zlib_ng.zlib_ng-pyloop]" time="0.132" /><testcase classname="tests.test_base_protocol" name="test_resume_writing_no_waiters" time="0.109" /><testcase classname="tests.test_client_middleware" name="test_middleware_uses_session_avoids_recursion_with_disabled_middleware[pyloop]" time="0.111" /><testcase classname="tests.test_client_request" name="test_update_body_none_no_content_length_for_get_methods[pyloop-HEAD]" time="0.105" /><testcase classname="tests.test_client_functional" name="test_invalid_redirect_url[pyloop-http:/-http:///-InvalidUrlRedirectClientError]" time="0.112" /><testcase classname="tests.test_client_functional" name="test_netrc_auth_from_env[pyloop]" time="0.111" /><testcase classname="tests.test_client_functional" name="test_tcp_connector_fingerprint_fail[pyloop]" time="0.114" /><testcase classname="tests.test_client_session" name="test_properties[pyloop-auth-_default_auth]" time="0.109" /><testcase classname="tests.test_client_request" name="test_invalid_url[pyloop]" time="0.107" /><testcase classname="tests.test_client_request" name="test_update_body_get_method_with_none_body[pyloop]" time="0.106" /><testcase classname="tests.test_client_functional" name="test_file_upload_307_308_redirect[pyloop-307]" time="0.113" /><testcase classname="tests.test_client_session" name="test_http_DELETE[pyloop]" time="0.105" /><testcase classname="tests.test_client_middleware_digest_auth" name="test_digest_response_exact_match[body1-this is a body-SHA-256-SESS-]" time="0.107" /><testcase classname="tests.test_client_functional" name="test_chunked[pyloop]" time="0.094" /><testcase classname="tests.test_client_request" name="test_params_update_path_and_url[pyloop]" time="0.098" /><testcase classname="tests.test_client_response" name="test_json[pyloop]" time="0.102" /><testcase classname="tests.test_client_functional" name="test_request_raise_for_status_default[pyloop]" time="0.111" /><testcase classname="tests.test_client_proto" name="test_connection_lost_exception_is_marked_retrieved[pyloop]" time="0.103" /><testcase classname="tests.test_client_middleware_digest_auth" name="test_quote_escaping_functions[value&quot;with&quot;quotes-value\\&quot;with\\&quot;quotes-Basic string with quotes]" time="0.003" /><testcase classname="tests.test_client_middleware_digest_auth" name="test_authenticate_with_malformed_headers[different_status_code]" time="0.006" /><testcase classname="tests.test_client_middleware_digest_auth" name="test_authenticate_with_malformed_headers[empty_www_authenticate_header]" time="0.005" /><testcase classname="tests.test_client_middleware_digest_auth" name="test_quote_escaping_functions[--Empty string]" time="0.004" /><testcase classname="tests.test_client_middleware_digest_auth" name="test_quote_escaping_functions[no quotes-no quotes-String without quotes]" time="0.004" /><testcase classname="tests.test_client_request" name="test_host_port_nondefault_wss[pyloop]" time="0.107" /><testcase classname="tests.test_client_functional" name="test_POST_FILES_SINGLE_content_disposition[pyloop]" time="0.142" /><testcase classname="tests.test_client_middleware_digest_auth" name="test_quote_escaping_functions[with&quot;one&quot;quote-with\\&quot;one\\&quot;quote-String with one quoted segment]" time="0.004" /><testcase classname="tests.test_client_middleware_digest_auth" name="test_digest_response_exact_match[--MD5-SESS-auth,auth-int]" time="0.111" /><testcase classname="tests.test_client_middleware_digest_auth" name="test_authenticate_with_malformed_headers[no_space_after_scheme]" time="0.005" /><testcase classname="tests.test_benchmarks_web_urldispatcher" name="test_resolve_single_fixed_url_with_many_routes[pyloop]" time="0.118" /><testcase classname="tests.test_connector" name="test_tcp_connector_resolve_host[pyloop]" time="0.111" /><testcase classname="tests.test_client_middleware_digest_auth" name="test_authenticate_with_malformed_headers[different_scheme]" time="0.005" /><testcase classname="tests.test_client_middleware_digest_auth" name="test_authenticate_with_malformed_headers[empty_parameters]" time="0.006" /><testcase classname="tests.test_client_functional" name="test_stream_request_on_server_eof[pyloop]" time="0.118" /><testcase classname="tests.test_client_middleware_digest_auth" name="test_digest_response_exact_match[--SHA256-SESS-auth-int]" time="0.110" /><testcase classname="tests.test_base_protocol" name="test_resume_writing_waiter_done" time="0.107" /><testcase classname="tests.test_client_middleware_digest_auth" name="test_authenticate_with_malformed_headers[malformed_parameters]" time="0.007" /><testcase classname="tests.test_circular_imports" name="test_no_warnings[aiohttp.client_middleware_digest_auth]" time="0.266" /><testcase classname="tests.test_client_request" name="test_update_body_none_no_content_length_for_get_methods[pyloop-OPTIONS]" time="0.109" /><testcase classname="tests.test_client_middleware" name="test_middleware_can_check_request_body[pyloop]" time="0.115" /><testcase classname="tests.test_client_middleware_digest_auth" name="test_in_protection_space[exact_match]" time="0.004" /><testcase classname="tests.test_client_functional" name="test_invalid_redirect_url[pyloop-http:/example.com-http:///example.com-InvalidUrlRedirectClientError]" time="0.111" /><testcase classname="tests.test_client_middleware_digest_auth" name="test_in_protection_space[path_with_trailing_slash]" time="0.004" /><testcase classname="tests.test_client_functional" name="test_netrc_auth_skipped_without_netrc_file[pyloop]" time="0.116" /><testcase classname="tests.test_client_session" name="test_properties[pyloop-json_serialize-_json_serialize]" time="0.108" /><testcase classname="tests.test_benchmarks_client" name="test_ten_streamed_responses_iter_any[pyloop]" time="0.134" /><testcase classname="tests.test_client_middleware_digest_auth" name="test_in_protection_space[subpath_match]" time="0.004" /><testcase classname="tests.test_client_middleware_digest_auth" name="test_in_protection_space[deep_subpath_match]" time="0.003" /><testcase classname="tests.test_client_request" name="test_terminate_without_writer[pyloop]" time="0.108" /><testcase classname="tests.test_client_functional" name="test_shortcuts[pyloop]" time="0.121" /><testcase classname="tests.test_client_request" name="test_no_path[pyloop]" time="0.094" /><testcase classname="tests.test_client_session" name="test_close[pyloop]" time="0.108" /><testcase classname="tests.test_client_request" name="test_content_encoding_header[isal.isal_zlib-pyloop]" time="0.141" /><testcase classname="tests.test_client_middleware_digest_auth" name="test_digest_response_exact_match[body1-this is a body-SHA-512-auth]" time="0.109" /><testcase classname="tests.test_client_request" name="test_update_body_updates_content_length[pyloop]" time="0.108" /><testcase classname="tests.test_client_middleware_digest_auth" name="test_in_protection_space[no_match_app1xx]" time="0.003" /><testcase classname="tests.test_connector" name="test___get_ssl_context1" time="0.108" /><testcase classname="tests.test_client_request" name="test_params_empty_path_and_url[pyloop]" time="0.106" /><testcase classname="tests.test_client_functional" name="test_file_upload_307_308_redirect[pyloop-308]" time="0.120" /><testcase classname="tests.test_client_functional" name="test_format_task_get[pyloop]" time="0.113" /><testcase classname="tests.test_client_response" name="test_json_extended_content_type[pyloop]" time="0.108" /><testcase classname="tests.test_client_proto" name="test_closed_property_lazy_creation[pyloop]" time="0.103" /><testcase classname="tests.test_client_functional" name="test_request_raise_for_status_disabled[pyloop]" time="0.109" /><testcase classname="tests.test_client_middleware_digest_auth" name="test_digest_response_exact_match[--MD5-SESS-]" time="0.105" /><testcase classname="tests.test_client_functional" name="test_read_bufsize_session_default[pyloop]" time="0.114" /><testcase classname="tests.test_client_request" name="test_host_port_none_port[pyloop]" time="0.105" /><testcase classname="tests.test_connector" name="test_tcp_connector_dns_cache_not_expired[pyloop]" time="0.107" /><testcase classname="tests.test_benchmarks_web_urldispatcher" name="test_resolve_multiple_fixed_url_with_many_routes[pyloop]" time="0.188" /><testcase classname="tests.test_base_protocol" name="test_connection_made" time="0.108" /><testcase classname="tests.test_client_middleware_digest_auth" name="test_digest_response_exact_match[--SHA256-SESS-auth,auth-int]" time="0.106" /><testcase classname="tests.test_client_functional" name="test_stream_request_on_server_eof_nested[pyloop]" time="0.115" /><testcase classname="tests.test_client_functional" name="test_POST_FILES_SINGLE_BINARY[pyloop]" time="0.134" /><testcase classname="tests.test_client_request" name="test_update_body_none_no_content_length_for_get_methods[pyloop-TRACE]" time="0.106" /><testcase classname="tests.test_client_request" name="test_ipv6_default_http_port[pyloop]" time="0.092" /><testcase classname="tests.test_client_middleware" name="test_client_middleware_update_shorter_body[pyloop]" time="0.112" /><testcase classname="tests.test_client_functional" name="test_invalid_redirect_url[pyloop-http:///example.com-http:///example.com-InvalidUrlRedirectClientError]" time="0.111" /><testcase classname="tests.test_circular_imports" name="test_no_warnings[aiohttp.web_log]" time="0.272" /><testcase classname="tests.test_client_request" name="test_warn_stacklevel_points_to_user_code[pyloop]" time="0.112" /><testcase classname="tests.test_client_functional" name="test_netrc_auth_from_home_directory[pyloop]" time="0.135" /><testcase classname="tests.test_client_request" name="test_custom_req_rep[pyloop]" time="0.109" /><testcase classname="tests.test_client_session" name="test_properties[pyloop-connector_owner-_connector_owner]" time="0.109" /><testcase classname="tests.test_client_functional" name="test_str_params[pyloop]" time="0.113" /><testcase classname="tests.test_client_session" name="test_closed[pyloop]" time="0.105" /><testcase classname="tests.test_client_middleware_digest_auth" name="test_digest_response_exact_match[body1-this is a body-SHA-512-auth-int]" time="0.113" /><testcase classname="tests.test_connector" name="test___get_ssl_context2[pyloop]" time="0.110" /><testcase classname="tests.test_client_request" name="test_gen_netloc_all[pyloop]" time="0.109" /><testcase classname="tests.test_client_functional" name="test_cookies[pyloop]" time="0.114" /><testcase classname="tests.test_client_response" name="test_json_custom_content_type[pyloop]" time="0.113" /><testcase classname="tests.test_client_functional" name="test_file_upload_301_302_redirect_non_post[pyloop-PUT-301]" time="0.129" /><testcase classname="tests.test_client_proto" name="test_closed_property_after_connection_lost[pyloop]" time="0.108" /><testcase classname="tests.test_benchmarks_client" name="test_ten_streamed_responses_iter_chunked_4096[pyloop]" time="0.151" /><testcase classname="tests.test_client_functional" name="test_request_raise_for_status_enabled[pyloop]" time="0.113" /><testcase classname="tests.test_client_request" name="test_compress_and_content_encoding[pyloop]" time="0.131" /><testcase classname="tests.test_client_middleware_digest_auth" name="test_digest_response_exact_match[--SHA-auth]" time="0.110" /><testcase classname="tests.test_client_request" name="test_host_port_err[pyloop]" time="0.108" /><testcase classname="tests.test_client_functional" name="test_read_bufsize_explicit[pyloop]" time="0.115" /><testcase classname="tests.test_connector" name="test_tcp_connector_dns_cache_forever[pyloop]" time="0.109" /><testcase classname="tests.test_base_protocol" name="test_connection_lost_not_paused" time="0.105" /><testcase classname="tests.test_client_middleware_digest_auth" name="test_digest_response_exact_match[--SHA256-SESS-]" time="0.108" /><testcase classname="tests.test_client_request" name="test_ipv6_default_https_port[pyloop]" time="0.098" /><testcase classname="tests.test_client_response" name="test_http_processing_error" time="0.112" /><testcase classname="tests.test_client_functional" name="test_HTTP_304_WITH_BODY[pyloop]" time="0.111" /><testcase classname="tests.test_client_middleware" name="test_client_middleware_update_longer_body[pyloop]" time="0.110" /><testcase classname="tests.test_client_functional" name="test_invalid_redirect_url[pyloop-http://:/-http://:/-InvalidUrlRedirectClientError]" time="0.111" /><testcase classname="tests.test_client_functional" name="test_POST_FILES_IO[pyloop]" time="0.115" /><testcase classname="tests.test_client_session" name="test_properties[pyloop-raise_for_status-_raise_for_status]" time="0.108" /><testcase classname="tests.test_client_request" name="test_warn_stacklevel_update_body_from_data[pyloop]" time="0.109" /><testcase classname="tests.test_client_session" name="test_connector[pyloop]" time="0.109" /><testcase classname="tests.test_client_request" name="test_verify_ssl_false_with_ssl_context[pyloop]" time="0.118" /><testcase classname="tests.test_client_functional" name="test_params_and_query_string[pyloop]" time="0.112" /><testcase classname="tests.test_client_request" name="test_gen_netloc_no_port[pyloop]" time="0.105" /><testcase cl
[...]
ser" name="test_invalid_header_spacing[py-parser-pyloop-pre-NUL-post-NUL-with-name]" time="0.082" /><testcase classname="tests.test_cookie_helpers" name="test_parse_cookie_header_spaces" time="0.002" /><testcase classname="tests.test_cookie_helpers" name="test_parse_cookie_header_encoded_values" time="0.002" /><testcase classname="tests.test_cookie_helpers" name="test_parse_cookie_header_malformed" time="0.002" /><testcase classname="tests.test_cookie_helpers" name="test_parse_cookie_header_complex_quoted" time="0.002" /><testcase classname="tests.test_client_session" name="test_ws_connect_unix_socket_allowed_protocols[pyloop-unix]" time="0.209" /><testcase classname="tests.test_client_ws_functional" name="test_receive_timeout_sock_read[pyloop]" time="0.134" /><testcase classname="tests.test_http_parser" name="test_request_te_first_chunked[py-parser-pyloop]" time="0.098" /><testcase classname="tests.test_connector" name="test_get_unconnected_proto[pyloop]" time="0.063" /><testcase classname="tests.test_connector" name="test_start_tls_exception_with_ssl_shutdown_timeout_nonzero_pre_311[pyloop]" time="0.000"><skipped type="pytest.skip" message="This test is for Python &lt; 3.11 runtime warning behavior">/home/yisenxu/rabeya/mini-swe-agent-ci-based/results/miniswe-agent/bidirectional/l1_l2_l3_deepseek-v4-flash/L1_L2_L3/95daf0c88c0124cfe87000050efe81be97516d51/testbed/tests/test_connector.py:2488: This test is for Python &lt; 3.11 runtime warning behavior</skipped></testcase><testcase classname="tests.test_http_parser" name="test_invalid_header_spacing[py-parser-pyloop-pre-SPSP-post-LF-with-name]" time="0.081" /><testcase classname="tests.test_connector" name="test_invalid_ssl_param" time="0.093" /><testcase classname="tests.test_flowcontrol_streams.TestFlowControlStreamReader" name="test_readchunk_resume_paused[pyloop]" time="0.075" /><testcase classname="tests.test_cookiejar" name="test_treat_as_secure_origin_init[url2]" time="0.095" /><testcase classname="tests.test_benchmarks_web_urldispatcher" name="test_resolve_prefix_resources_many_prefix_many_plain[pyloop]" time="0.206" /><testcase classname="tests.test_http_parser" name="test_invalid_header_spacing[py-parser-pyloop-pre-TABSP-post-empty-name-empty]" time="0.070" /><testcase classname="tests.test_http_parser" name="test_invalid_header_spacing[py-parser-pyloop-pre-NUL-post-SP-name-empty]" time="0.084" /><testcase classname="tests.test_connector" name="test_get_unconnected_proto_ssl[pyloop]" time="0.065" /><testcase classname="tests.test_circular_imports" name="test_no_warnings[aiohttp.multipart]" time="0.176" /><testcase classname="tests.test_flowcontrol_streams.TestFlowControlStreamReader" name="test_readexactly[pyloop]" time="0.064" /><testcase classname="tests.test_http_parser" name="test_invalid_header_spacing[py-parser-pyloop-pre-SPSP-post-NBSP-name-empty]" time="0.072" /><testcase classname="tests.test_client_ws_functional" name="test_heartbeat_connection_closed[pyloop]" time="0.372" /><testcase classname="tests.test_http_parser" name="test_conn_upgrade[py-parser-pyloop]" time="0.088" /><testcase classname="tests.test_connector" name="test_tcp_connector_ctor_fingerprint_valid[pyloop]" time="0.069" /><testcase classname="tests.test_http_parser" name="test_invalid_header_spacing[py-parser-pyloop-pre-TABSP-post-empty-with-name]" time="0.067" /><testcase classname="tests.test_connector" name="test_get_expired[pyloop]" time="0.066" /><testcase classname="tests.test_client_ws_functional" name="test_receive_timeout_deprecation[pyloop]" time="0.126" /><testcase classname="tests.test_http_parser" name="test_invalid_header_spacing[py-parser-pyloop-pre-NUL-post-SP-with-name]" time="0.083" /><testcase classname="tests.test_flowcontrol_streams.TestFlowControlStreamReader" name="test_feed_data[pyloop]" time="0.067" /><testcase classname="tests.test_http_parser" name="test_invalid_header_spacing[py-parser-pyloop-pre-SPSP-post-NBSP-with-name]" time="0.075" /><testcase classname="tests.test_connector" name="test_insecure_fingerprint_md5[pyloop]" time="0.074" /><testcase classname="tests.test_http_parser" name="test_invalid_header_spacing[py-parser-pyloop-pre-TABSP-post-NUL-name-empty]" time="0.069" /><testcase classname="tests.test_http_parser" name="test_bad_upgrade[py-parser-pyloop]" time="0.090" /><testcase classname="tests.test_client_session" name="test_cookie_jar_usage[pyloop]" time="0.076" /><testcase classname="tests.test_connector" name="test_get_expired_ssl[pyloop]" time="0.069" /><testcase classname="tests.test_flowcontrol_streams.TestFlowControlStreamReader" name="test_read_nowait[pyloop]" time="0.066" /><testcase classname="tests.test_http_parser" name="test_invalid_header_spacing[py-parser-pyloop-pre-NUL-post-SPSP-name-empty]" time="0.068" /><testcase classname="tests.test_circular_imports" name="test_no_warnings[aiohttp._cookie_helpers]" time="0.173" /><testcase classname="tests.test_http_parser" name="test_invalid_header_spacing[py-parser-pyloop-pre-SPSP-post-TABSP-name-empty]" time="0.068" /><testcase classname="tests.test_http_parser" name="test_invalid_header_spacing[py-parser-pyloop-pre-TABSP-post-NUL-with-name]" time="0.065" /><testcase classname="tests.test_connector" name="test_insecure_fingerprint_sha1[pyloop]" time="0.065" /><testcase classname="tests.test_circular_imports" name="test_no_warnings[aiohttp.payload]" time="0.172" /><testcase classname="tests.test_client_ws_functional" name="test_custom_receive_timeout[pyloop]" time="0.115" /><testcase classname="tests.test_connector" name="test_release_acquired[pyloop]" time="0.071" /><testcase classname="tests.test_client_session" name="test_cookies_with_not_quoted_cookie_jar[pyloop]" time="0.067" /><testcase classname="tests.test_http_parser" name="test_compression_empty[py-parser-pyloop]" time="0.067" /><testcase classname="tests.test_flowcontrol_streams.TestFlowControlStreamReader" name="test_resumed_on_eof[pyloop]" time="0.064" /><testcase classname="tests.test_http_parser" name="test_invalid_header_spacing[py-parser-pyloop-pre-NUL-post-SPSP-with-name]" time="0.062" /><testcase classname="tests.test_http_parser" name="test_invalid_header_spacing[py-parser-pyloop-pre-TABSP-post-SP-name-empty]" time="0.064" /><testcase classname="tests.test_http_parser" name="test_invalid_header_spacing[py-parser-pyloop-pre-SPSP-post-TABSP-with-name]" time="0.061" /><testcase classname="tests.test_connector" name="test_tcp_connector_clear_dns_cache[pyloop]" time="0.063" /><testcase classname="tests.test_client_session" name="test_session_default_version[pyloop]" time="0.065" /><testcase classname="tests.test_connector" name="test_release_acquired_closed[pyloop]" time="0.064" /><testcase classname="tests.test_http_parser" name="test_compression_deflate[py-parser-pyloop]" time="0.061" /><testcase classname="tests.test_flowcontrol_streams" name="test_flow_control_data_queue_waiter_cancelled[pyloop]" time="0.065" /><testcase classname="tests.test_http_parser" name="test_invalid_header_spacing[py-parser-pyloop-pre-NUL-post-LF-name-empty]" time="0.065" /><testcase classname="tests.test_http_parser" name="test_invalid_header_spacing[py-parser-pyloop-pre-LF-post-empty-name-empty]" time="0.061" /><testcase classname="tests.test_http_parser" name="test_invalid_header_spacing[py-parser-pyloop-pre-TABSP-post-SP-with-name]" time="0.064" /><testcase classname="tests.test_client_ws_functional" name="test_heartbeat[pyloop]" time="0.161" /><testcase classname="tests.test_connector" name="test_tcp_connector_clear_dns_cache_bad_args[pyloop]" time="0.062" /><testcase classname="tests.test_circular_imports" name="test_no_warnings[aiohttp._websocket]" time="0.160" /><testcase classname="tests.test_connector" name="test_release[pyloop]" time="0.061" /><testcase classname="tests.test_client_session" name="test_session_loop[pyloop]" time="0.062" /><testcase classname="tests.test_http_parser" name="test_compression_gzip[py-parser-pyloop]" time="0.060" /><testcase classname="tests.test_client_functional" name="test_no_error_on_conn_close_if_eof[pyloop]" time="0.564" /><testcase classname="tests.test_flowcontrol_streams" name="test_flow_control_data_queue_has_buffer[pyloop]" time="0.062" /><testcase classname="tests.test_circular_imports" name="test_no_warnings[aiohttp.payload_streamer]" time="0.157" /><testcase classname="tests.test_http_parser" name="test_invalid_header_spacing[py-parser-pyloop-pre-NUL-post-LF-with-name]" time="0.061" /><testcase classname="tests.test_http_parser" name="test_invalid_header_spacing[py-parser-pyloop-pre-LF-post-empty-with-name]" time="0.059" /><testcase classname="tests.test_http_parser" name="test_invalid_header_spacing[py-parser-pyloop-pre-TABSP-post-SPSP-name-empty]" time="0.061" /><testcase classname="tests.test_client_ws_functional" name="test_heartbeat_no_pong[pyloop]" time="0.266" /><testcase classname="tests.test_http_parser" name="test_compression_brotli[py-parser-pyloop]" time="0.058" /><testcase classname="tests.test_client_session" name="test_proxy_str[pyloop]" time="0.063" /><testcase classname="tests.test_flowcontrol_streams" name="test_flow_control_data_queue_read_with_exception[pyloop]" time="0.063" /><testcase classname="tests.test_http_parser" name="test_invalid_header_spacing[py-parser-pyloop-pre-NUL-post-NBSP-name-empty]" time="0.061" /><testcase classname="tests.test_http_parser" name="test_invalid_header_spacing[py-parser-pyloop-pre-LF-post-NUL-name-empty]" time="0.059" /><testcase classname="tests.test_http_parser" name="test_invalid_header_spacing[py-parser-pyloop-pre-TABSP-post-SPSP-with-name]" time="0.061" /><testcase classname="tests.test_http_parser" name="test_compression_zstd[py-parser-pyloop]" time="0.059" /><testcase classname="tests.test_client_session" name="test_default_proxy[pyloop]" time="0.060" /><testcase classname="tests.test_flowcontrol_streams" name="test_flow_control_data_queue_feed_pause[pyloop]" time="0.061" /><testcase classname="tests.test_http_parser" name="test_invalid_header_spacing[py-parser-pyloop-pre-NUL-post-NBSP-with-name]" time="0.062" /><testcase classname="tests.test_http_parser" name="test_invalid_header_spacing[py-parser-pyloop-pre-LF-post-NUL-with-name]" time="0.060" /><testcase classname="tests.test_circular_imports" name="test_no_warnings[aiohttp._websocket.helpers]" time="0.170" /><testcase classname="tests.test_http_parser" name="test_invalid_header_spacing[py-parser-pyloop-pre-TABSP-post-LF-name-empty]" time="0.060" /><testcase classname="tests.test_circular_imports" name="test_no_warnings[aiohttp.pytest_plugin]" time="0.235" /><testcase classname="tests.test_http_parser" name="test_compression_unknown[py-parser-pyloop]" time="0.060" /><testcase classname="tests.test_client_session" name="test_request_tracing[pyloop]" time="0.065" /><testcase classname="tests.test_flowcontrol_streams" name="test_flow_control_data_queue_resume_on_read[pyloop]" time="0.060" /><testcase classname="tests.test_http_parser" name="test_invalid_header_spacing[py-parser-pyloop-pre-NUL-post-TABSP-name-empty]" time="0.059" /><testcase classname="tests.test_http_parser" name="test_invalid_header_spacing[py-parser-pyloop-pre-LF-post-SP-name-empty]" time="0.060" /><testcase classname="tests.test_http_parser" name="test_invalid_header_spacing[py-parser-pyloop-pre-TABSP-post-LF-with-name]" time="0.060" /><testcase classname="tests.test_http_parser" name="test_url_connect[py-parser-pyloop]" time="0.063" /><testcase classname="tests.test_flowcontrol_streams" name="test_flow_control_data_queue_read_eof[pyloop]" time="0.059" /><testcase classname="tests.test_http_parser" name="test_invalid_header_spacing[py-parser-pyloop-pre-NUL-post-TABSP-with-name]" time="0.058" /><testcase classname="tests.test_http_parser" name="test_invalid_header_spacing[py-parser-pyloop-pre-LF-post-SP-with-name]" time="0.063" /><testcase classname="tests.test_http_parser" name="test_headers_connect[py-parser-pyloop]" time="0.059" /><testcase classname="tests.test_client_ws_functional" name="test_heartbeat_no_pong_after_receive_many_messages[pyloop]" time="0.322" /><testcase classname="tests.test_flowcontrol_streams" name="test_stream_reader_eof_when_full" time="0.058" /><testcase classname="tests.test_http_parser" name="test_invalid_header_spacing[py-parser-pyloop-pre-SP-post-empty-name-empty]" time="0.062" /><testcase classname="tests.test_circular_imports" name="test_no_warnings[aiohttp._websocket.models]" time="0.161" /><testcase classname="tests.test_circular_imports" name="test_no_warnings[aiohttp.resolver]" time="0.151" /><testcase classname="tests.test_circular_imports" name="test_no_warnings[aiohttp._websocket.reader]" time="0.154" /><testcase classname="tests.test_circular_imports" name="test_no_warnings[aiohttp.streams]" time="0.147" /><testcase classname="tests.test_client_functional" name="test_error_not_overwrote_on_conn_close[pyloop]" time="0.059" /><testcase classname="tests.test_client_functional" name="test_HTTP_200_OK_METHOD[pyloop]" time="0.060" /><testcase classname="tests.test_client_ws_functional" name="test_heartbeat_no_pong_after_send_many_messages[pyloop]" time="0.342" /><testcase classname="tests.test_connector" name="test_release_ssl_transport[pyloop]" time="0.065" /><testcase classname="tests.test_client_functional" name="test_HTTP_200_OK_METHOD_connector[pyloop]" time="0.057" /><testcase classname="tests.test_connector" name="test_release_already_closed[pyloop]" time="0.055" /><testcase classname="tests.test_circular_imports" name="test_no_warnings[aiohttp.tcp_helpers]" time="0.139" /><testcase classname="tests.test_client_functional" name="test_HTTP_302_REDIRECT_GET[pyloop]" time="0.058" /><testcase classname="tests.test_connector" name="test_release_waiter_no_limit[pyloop]" time="0.055" /><testcase classname="tests.test_client_functional" name="test_HTTP_302_REDIRECT_HEAD[pyloop]" time="0.056" /><testcase classname="tests.test_connector" name="test_release_waiter_first_available[pyloop]" time="0.055" /><testcase classname="tests.test_client_functional" name="test_HTTP_302_REDIRECT_NON_HTTP[pyloop]" time="0.055" /><testcase classname="tests.test_connector" name="test_release_waiter_release_first[pyloop]" time="0.055" /><testcase classname="tests.test_client_functional" name="test_HTTP_302_REDIRECT_POST[pyloop]" time="0.055" /><testcase classname="tests.test_connector" name="test_release_waiter_skip_done_waiter[pyloop]" time="0.056" /><testcase classname="tests.test_client_functional" name="test_HTTP_302_REDIRECT_POST_with_content_length_hdr[pyloop]" time="0.055" /><testcase classname="tests.test_client_ws_functional" name="test_heartbeat_no_pong_concurrent_receive[pyloop]" time="0.206" /><testcase classname="tests.test_connector" name="test_release_waiter_per_host[pyloop]" time="0.055" /><testcase classname="tests.test_client_functional" name="test_HTTP_307_REDIRECT_POST[pyloop]" time="0.055" /><testcase classname="tests.test_connector" name="test_release_waiter_no_available[pyloop]" time="0.056" /><testcase classname="tests.test_client_functional" name="test_HTTP_308_PERMANENT_REDIRECT_POST[pyloop]" time="0.055" /><testcase classname="tests.test_connector" name="test_release_close[pyloop]" time="0.055" /><testcase classname="tests.test_client_functional" name="test_HTTP_302_max_redirects[pyloop]" time="0.055" /><testcase classname="tests.test_connector" name="test__release_acquired_per_host1[pyloop]" time="0.055" /><testcase classname="tests.test_client_ws_functional" name="test_close_websocket_while_ping_inflight[pyloop]" time="0.166" /><testcase classname="tests.test_client_functional" name="test_HTTP_200_GET_WITH_PARAMS[pyloop]" time="0.053" /><testcase classname="tests.test_connector" name="test__release_acquired_per_host2[pyloop]" time="0.054" /><testcase classname="tests.test_client_functional" name="test_HTTP_200_GET_WITH_MultiDict_PARAMS[pyloop]" time="0.053" /><testcase classname="tests.test_connector" name="test__release_acquired_per_host3[pyloop]" time="0.055" /><testcase classname="tests.test_client_functional" name="test_HTTP_200_GET_WITH_MIXED_PARAMS[pyloop]" time="0.053" /><testcase classname="tests.test_connector" name="test_tcp_connector_certificate_error[pyloop]" time="0.078" /><testcase classname="tests.test_client_ws_functional" name="test_send_recv_compress[zlib-pyloop]" time="0.054" /><testcase classname="tests.test_client_functional" name="test_POST_DATA[pyloop]" time="0.054" /><testcase classname="tests.test_client_ws_functional" name="test_send_recv_compress[zlib_ng.zlib_ng-pyloop]" time="0.054" /><testcase classname="tests.test_client_functional" name="test_POST_DATA_with_explicit_formdata[pyloop]" time="0.054" /><testcase classname="tests.test_connector" name="test_tcp_connector_server_hostname_default[pyloop]" time="0.080" /><testcase classname="tests.test_client_ws_functional" name="test_send_recv_compress[isal.isal_zlib-pyloop]" time="0.054" /><testcase classname="tests.test_client_functional" name="test_POST_DATA_with_charset[pyloop]" time="0.055" /><testcase classname="tests.test_connector" name="test_tcp_connector_server_hostname_override[pyloop]" time="0.080" /><testcase classname="tests.test_client_ws_functional" name="test_send_recv_compress_wbits[zlib-pyloop]" time="0.054" /><testcase classname="tests.test_client_functional" name="test_POST_DATA_formdats_with_charset[pyloop]" time="0.056" /><testcase classname="tests.test_connector" name="test_tcp_connector_multiple_hosts_errors[pyloop]" time="0.167" /><testcase classname="tests.test_client_ws_functional" name="test_send_recv_compress_wbits[zlib_ng.zlib_ng-pyloop]" time="0.053" /><testcase classname="tests.test_client_ws_functional" name="test_send_recv_compress_wbits[isal.isal_zlib-pyloop]" time="0.054" /><testcase classname="tests.test_client_ws_functional" name="test_send_recv_compress_wbit_error[pyloop]" time="0.052" /><testcase classname="tests.test_connector" name="test_tcp_connector_happy_eyeballs[pyloop-0.1]" time="0.057" /><testcase classname="tests.test_client_ws_functional" name="test_ws_client_async_for[pyloop]" time="0.054" /><testcase classname="tests.test_client_ws_functional" name="test_ws_async_with[pyloop]" time="0.054" /><testcase classname="tests.test_connector" name="test_tcp_connector_happy_eyeballs[pyloop-0.25]" time="0.056" /><testcase classname="tests.test_client_ws_functional" name="test_ws_async_with_send[pyloop]" time="0.054" /><testcase classname="tests.test_connector" name="test_tcp_connector_happy_eyeballs[pyloop-None]" time="0.056" /><testcase classname="tests.test_client_ws_functional" name="test_ws_async_with_shortcut[pyloop]" time="0.053" /><testcase classname="tests.test_connector" name="test_tcp_connector_interleave[pyloop]" time="0.080" /><testcase classname="tests.test_client_ws_functional" name="test_closed_async_for[pyloop]" time="0.053" /><testcase classname="tests.test_connector" name="test_tcp_connector_family_is_respected[pyloop]" time="0.055" /><testcase classname="tests.test_client_ws_functional" name="test_peer_connection_lost[pyloop]" time="0.053" /><testcase classname="tests.test_connector" name="test_tcp_connector_multiple_hosts_one_timeout[pyloop-http://mocked.host]" time="0.080" /><testcase classname="tests.test_client_ws_functional" name="test_peer_connection_lost_iter[pyloop]" time="0.054" /><testcase classname="tests.test_client_ws_functional" name="test_ws_connect_with_wrong_ssl_type[pyloop]" time="0.052" /><testcase classname="tests.test_connector" name="test_tcp_connector_multiple_hosts_one_timeout[pyloop-https://mocked.host]" time="0.080" /><testcase classname="tests.test_client_ws_functional" name="test_websocket_connection_not_closed_properly[pyloop]" time="0.053" /><testcase classname="tests.test_client_ws_functional" name="test_websocket_connection_cancellation[pyloop]" time="0.054" /><testcase classname="tests.test_compression_utils" name="test_compression_round_trip_in_executor[zlib]" time="0.052" /></testsuite></testsuites>